<?xml version="1.0" encoding="UTF-8"?>
<!-- Generated by org.testng.reporters.JUnitReportReporter -->
<testsuite hostname="LAPTOP-FL4JGHR2" failures="0" tests="1" name="automationFramework.TestngTest3" time="0.016" errors="0" timestamp="2022-03-17T13:05:56 IST" skipped="0">
  <testcase classname="automationFramework.TestngTest3" name="verifyHomepageTitle" time="0.016"/>
  <system-out/>
</testsuite> <!-- automationFramework.TestngTest3 -->
