<?xml version="1.0" encoding="UTF-8"?>
<!-- Generated by org.testng.reporters.JUnitReportReporter -->
<testsuite hostname="LAPTOP-FL4JGHR2" failures="0" tests="5" name="automationFramework.NewTest" time="0.011" errors="0" timestamp="2022-03-17T13:21:48 IST" skipped="0">
  <testcase classname="automationFramework.NewTest" name="b_method" time="0.007"/>
  <system-out/>
  <testcase classname="automationFramework.NewTest" name="c_method" time="0.001"/>
  <system-out/>
  <testcase classname="automationFramework.NewTest" name="e_method" time="0.001"/>
  <system-out/>
  <testcase classname="automationFramework.NewTest" name="d_method" time="0.001"/>
  <system-out/>
  <testcase classname="automationFramework.NewTest" name="a_method" time="0.001"/>
  <system-out/>
</testsuite> <!-- automationFramework.NewTest -->
