<?xml version="1.0" encoding="UTF-8"?>
<!-- Generated by org.testng.reporters.JUnitReportReporter -->
<testsuite hostname="LAPTOP-FL4JGHR2" failures="0" tests="1" name="TestngPkg1.Wiki1" time="0.029" errors="0" timestamp="2022-03-17T15:51:22 IST" skipped="0">
  <testcase classname="TestngPkg1.Wiki1" name="verifyHomepageTitle" time="0.029"/>
  <system-out/>
</testsuite> <!-- TestngPkg1.Wiki1 -->
