<?xml version="1.0" encoding="UTF-8"?>
<!-- Generated by org.testng.reporters.JUnitReportReporter -->
<testsuite hostname="LAPTOP-FL4JGHR2" failures="0" tests="2" name="automationFramework.TestngTest4$firsttestngfile" time="1.209" errors="0" timestamp="2022-03-17T13:23:37 IST" skipped="0">
  <testcase classname="automationFramework.TestngTest4$firsttestngfile" name="download" time="0.647"/>
  <system-out/>
  <testcase classname="automationFramework.TestngTest4$firsttestngfile" name="documentation" time="0.562"/>
  <system-out/>
</testsuite> <!-- automationFramework.TestngTest4$firsttestngfile -->
